This is pdfTeX, Version 3.141592653-2.6-1.40.24 (TeX Live 2022/CVE-2023-32700 patched) (preloaded format=pdflatex 2023.5.31)  22 JUN 2023 16:00
entering extended mode
 restricted \write18 enabled.
 file:line:error style messages enabled.
 %&-line parsing enabled.
**report.tex
(./report.tex
LaTeX2e <2022-06-01> patch level 5
L3 programming layer <2022-12-17> (/usr/share/texlive/texmf-dist/tex/latex/base/book.cls
Document Class: book 2021/10/04 v1.4n Standard LaTeX document class
(/usr/share/texlive/texmf-dist/tex/latex/base/bk11.clo
File: bk11.clo 2021/10/04 v1.4n Standard LaTeX file (size option)
)
\c@part=\count185
\c@chapter=\count186
\c@section=\count187
\c@subsection=\count188
\c@subsubsection=\count189
\c@paragraph=\count190
\c@subparagraph=\count191
\c@figure=\count192
\c@table=\count193
\abovecaptionskip=\skip47
\belowcaptionskip=\skip48
\bibindent=\dimen140
) (/usr/share/texlive/texmf-dist/tex/latex/base/fontenc.sty
Package: fontenc 2021/04/29 v2.0v Standard LaTeX package
) (/usr/share/texlive/texmf-dist/tex/latex/librebaskerville/librebaskerville.sty
Package: librebaskerville 2022/09/17 (Bob Tennent) Supports LibreBaskerville fonts for all LaTeX engines. 
 (/usr/share/texlive/texmf-dist/tex/generic/iftex/ifxetex.sty
Package: ifxetex 2019/10/25 v0.7 ifxetex legacy package. Use iftex instead.
 (/usr/share/texlive/texmf-dist/tex/generic/iftex/iftex.sty
Package: iftex 2022/02/03 v1.0f TeX engine tests
)) (/usr/share/texlive/texmf-dist/tex/generic/iftex/ifluatex.sty
Package: ifluatex 2019/10/25 v1.5 ifluatex legacy package. Use iftex instead.
) (/usr/share/texlive/texmf-dist/tex/latex/base/textcomp.sty
Package: textcomp 2020/02/02 v2.0n Standard LaTeX package
) (/usr/share/texlive/texmf-dist/tex/latex/xkeyval/xkeyval.sty
Package: xkeyval 2022/06/16 v2.9 package option processing (HA)
 (/usr/share/texlive/texmf-dist/tex/generic/xkeyval/xkeyval.tex (/usr/share/texlive/texmf-dist/tex/generic/xkeyval/xkvutils.tex
\XKV@toks=\toks16
\XKV@tempa@toks=\toks17
 (/usr/share/texlive/texmf-dist/tex/generic/xkeyval/keyval.tex))
\XKV@depth=\count194
File: xkeyval.tex 2014/12/03 v2.7a key=value parser (HA)
)) (/usr/share/texlive/texmf-dist/tex/latex/base/fontenc.sty
Package: fontenc 2021/04/29 v2.0v Standard LaTeX package
) (/usr/share/texlive/texmf-dist/tex/latex/fontaxes/fontaxes.sty
Package: fontaxes 2020/07/21 v1.0e Font selection axes
LaTeX Info: Redefining \upshape on input line 29.
LaTeX Info: Redefining \itshape on input line 31.
LaTeX Info: Redefining \slshape on input line 33.
LaTeX Info: Redefining \swshape on input line 35.
LaTeX Info: Redefining \scshape on input line 37.
LaTeX Info: Redefining \sscshape on input line 39.
LaTeX Info: Redefining \ulcshape on input line 41.
LaTeX Info: Redefining \textsw on input line 47.
LaTeX Info: Redefining \textssc on input line 48.
LaTeX Info: Redefining \textulc on input line 49.
)) (/usr/share/texlive/texmf-dist/tex/latex/amsmath/amsmath.sty
Package: amsmath 2022/04/08 v2.17n AMS math features
\@mathmargin=\skip49

For additional information on amsmath, use the `?' option.
(/usr/share/texlive/texmf-dist/tex/latex/amsmath/amstext.sty
Package: amstext 2021/08/26 v2.01 AMS text
 (/usr/share/texlive/texmf-dist/tex/latex/amsmath/amsgen.sty
File: amsgen.sty 1999/11/30 v2.0 generic functions
\@emptytoks=\toks18
\ex@=\dimen141
)) (/usr/share/texlive/texmf-dist/tex/latex/amsmath/amsbsy.sty
Package: amsbsy 1999/11/29 v1.2d Bold Symbols
\pmbraise@=\dimen142
) (/usr/share/texlive/texmf-dist/tex/latex/amsmath/amsopn.sty
Package: amsopn 2022/04/08 v2.04 operator names
)
\inf@bad=\count195
LaTeX Info: Redefining \frac on input line 234.
\uproot@=\count196
\leftroot@=\count197
LaTeX Info: Redefining \overline on input line 399.
LaTeX Info: Redefining \colon on input line 410.
\classnum@=\count198
\DOTSCASE@=\count199
LaTeX Info: Redefining \ldots on input line 496.
LaTeX Info: Redefining \dots on input line 499.
LaTeX Info: Redefining \cdots on input line 620.
\Mathstrutbox@=\box51
\strutbox@=\box52
LaTeX Info: Redefining \big on input line 722.
LaTeX Info: Redefining \Big on input line 723.
LaTeX Info: Redefining \bigg on input line 724.
LaTeX Info: Redefining \Bigg on input line 725.
\big@size=\dimen143
LaTeX Font Info:    Redeclaring font encoding OML on input line 743.
LaTeX Font Info:    Redeclaring font encoding OMS on input line 744.
\macc@depth=\count266
LaTeX Info: Redefining \bmod on input line 905.
LaTeX Info: Redefining \pmod on input line 910.
LaTeX Info: Redefining \smash on input line 940.
LaTeX Info: Redefining \relbar on input line 970.
LaTeX Info: Redefining \Relbar on input line 971.
\c@MaxMatrixCols=\count267
\dotsspace@=\muskip16
\c@parentequation=\count268
\dspbrk@lvl=\count269
\tag@help=\toks19
\row@=\count270
\column@=\count271
\maxfields@=\count272
\andhelp@=\toks20
\eqnshift@=\dimen144
\alignsep@=\dimen145
\tagshift@=\dimen146
\tagwidth@=\dimen147
\totwidth@=\dimen148
\lineht@=\dimen149
\@envbody=\toks21
\multlinegap=\skip50
\multlinetaggap=\skip51
\mathdisplay@stack=\toks22
LaTeX Info: Redefining \[ on input line 2953.
LaTeX Info: Redefining \] on input line 2954.
) (/usr/share/texlive/texmf-dist/tex/latex/amsfonts/amssymb.sty
Package: amssymb 2013/01/14 v3.01 AMS font symbols
 (/usr/share/texlive/texmf-dist/tex/latex/amsfonts/amsfonts.sty
Package: amsfonts 2013/01/14 v3.01 Basic AMSFonts support
\symAMSa=\mathgroup4
\symAMSb=\mathgroup5
LaTeX Font Info:    Redeclaring math symbol \hbar on input line 98.
LaTeX Font Info:    Overwriting math alphabet `\mathfrak' in version `bold'
(Font)                  U/euf/m/n --> U/euf/b/n on input line 106.
))
LaTeX Font Info:    Trying to load font information for T1+LibreBskvl-LF on input line 16.
 (/usr/share/texlive/texmf-dist/tex/latex/librebaskerville/T1LibreBskvl-LF.fd
File: T1LibreBskvl-LF.fd 2020/07/27 (autoinst) Font definitions for T1/LibreBskvl-LF.
)
LaTeX Font Info:    Font shape `T1/LibreBskvl-LF/m/n' aliased to
(Font)              `T1/LibreBskvl-LF/regular/n' on input line 16.
LaTeX Font Info:    Font shape `T1/LibreBskvl-LF/regular/n' will be
(Font)              scaled to size 10.95pt on input line 16.
 (/usr/share/texlive/texmf-dist/tex/latex/l3backend/l3backend-pdftex.def
File: l3backend-pdftex.def 2022-10-26 L3 backend support: PDF output (pdfTeX)
\l__color_backend_stack_int=\count273
\l__pdf_internal_box=\box53
) (./report.aux)
\openout1 = `report.aux'.

LaTeX Font Info:    Checking defaults for OML/cmm/m/it on input line 16.
LaTeX Font Info:    ... okay on input line 16.
LaTeX Font Info:    Checking defaults for OMS/cmsy/m/n on input line 16.
LaTeX Font Info:    ... okay on input line 16.
LaTeX Font Info:    Checking defaults for OT1/cmr/m/n on input line 16.
LaTeX Font Info:    ... okay on input line 16.
LaTeX Font Info:    Checking defaults for T1/cmr/m/n on input line 16.
LaTeX Font Info:    ... okay on input line 16.
LaTeX Font Info:    Checking defaults for TS1/cmr/m/n on input line 16.
LaTeX Font Info:    ... okay on input line 16.
LaTeX Font Info:    Checking defaults for OMX/cmex/m/n on input line 16.
LaTeX Font Info:    ... okay on input line 16.
LaTeX Font Info:    Checking defaults for U/cmr/m/n on input line 16.
LaTeX Font Info:    ... okay on input line 16.
\c@mv@tabular=\count274
\c@mv@boldtabular=\count275
LaTeX Font Info:    Font shape `T1/LibreBskvl-LF/m/n' aliased to
(Font)              `T1/LibreBskvl-LF/regular/n' on input line 18.
LaTeX Font Info:    Font shape `T1/LibreBskvl-LF/regular/n' will be
(Font)              scaled to size 17.28pt on input line 18.
LaTeX Font Info:    Font shape `T1/LibreBskvl-LF/b/n' aliased to
(Font)              `T1/LibreBskvl-LF/bold/n' on input line 18.
LaTeX Font Info:    Font shape `T1/LibreBskvl-LF/bold/n' will be
(Font)              scaled to size 17.28pt on input line 18.
LaTeX Font Info:    Font shape `T1/LibreBskvl-LF/m/n' aliased to
(Font)              `T1/LibreBskvl-LF/regular/n' on input line 18.
LaTeX Font Info:    Font shape `T1/LibreBskvl-LF/regular/n' will be
(Font)              scaled to size 12.0pt on input line 18.
LaTeX Font Info:    Trying to load font information for U+msa on input line 18.
 (/usr/share/texlive/texmf-dist/tex/latex/amsfonts/umsa.fd
File: umsa.fd 2013/01/14 v3.01 AMS symbols A
)
LaTeX Font Info:    Trying to load font information for U+msb on input line 18.
 (/usr/share/texlive/texmf-dist/tex/latex/amsfonts/umsb.fd
File: umsb.fd 2013/01/14 v3.01 AMS symbols B
) [1


{/var/lib/texmf/fonts/map/pdftex/updmap/pdftex.map}]
LaTeX Font Info:    Font shape `T1/LibreBskvl-LF/m/sl' aliased to
(Font)              `T1/LibreBskvl-LF/regular/sl' on input line 20.
LaTeX Font Info:    Font shape `T1/LibreBskvl-LF/regular/sl' in size <10.95> not available
(Font)              Font shape `T1/LibreBskvl-LF/regular/it' tried instead on input line 20.
LaTeX Font Info:    Font shape `T1/LibreBskvl-LF/regular/it' will be
(Font)              scaled to size 10.95pt on input line 20.
 [2

]
LaTeX Font Info:    Font shape `T1/LibreBskvl-LF/m/n' aliased to
(Font)              `T1/LibreBskvl-LF/regular/n' on input line 20.
LaTeX Font Info:    Font shape `T1/LibreBskvl-LF/regular/n' will be
(Font)              scaled to size 24.88pt on input line 20.
LaTeX Font Info:    Font shape `T1/LibreBskvl-LF/b/n' aliased to
(Font)              `T1/LibreBskvl-LF/bold/n' on input line 20.
LaTeX Font Info:    Font shape `T1/LibreBskvl-LF/bold/n' will be
(Font)              scaled to size 24.88pt on input line 20.
 (./report.toc
LaTeX Font Info:    Font shape `T1/LibreBskvl-LF/b/n' aliased to
(Font)              `T1/LibreBskvl-LF/bold/n' on input line 1.
LaTeX Font Info:    Font shape `T1/LibreBskvl-LF/bold/n' will be
(Font)              scaled to size 12.0pt on input line 1.
LaTeX Font Info:    Font shape `T1/LibreBskvl-LF/b/n' aliased to
(Font)              `T1/LibreBskvl-LF/bold/n' on input line 2.
LaTeX Font Info:    Font shape `T1/LibreBskvl-LF/bold/n' will be
(Font)              scaled to size 10.95pt on input line 2.
)
\tf@toc=\write3
\openout3 = `report.toc'.

 [3] [4

]
LaTeX Font Info:    Font shape `T1/LibreBskvl-LF/m/n' aliased to
(Font)              `T1/LibreBskvl-LF/regular/n' on input line 22.
LaTeX Font Info:    Font shape `T1/LibreBskvl-LF/regular/n' will be
(Font)              scaled to size 20.74pt on input line 22.
LaTeX Font Info:    Font shape `T1/LibreBskvl-LF/b/n' aliased to
(Font)              `T1/LibreBskvl-LF/bold/n' on input line 22.
LaTeX Font Info:    Font shape `T1/LibreBskvl-LF/bold/n' will be
(Font)              scaled to size 20.74pt on input line 22.
 [5] [6]
Chapter 1.
LaTeX Font Info:    Font shape `T1/LibreBskvl-LF/m/it' aliased to
(Font)              `T1/LibreBskvl-LF/regular/it' on input line 26.
LaTeX Font Info:    Font shape `T1/LibreBskvl-LF/regular/it' will be
(Font)              scaled to size 10.95pt on input line 26.
LaTeX Font Info:    Font shape `T1/LibreBskvl-LF/m/n' aliased to
(Font)              `T1/LibreBskvl-LF/regular/n' on input line 28.
LaTeX Font Info:    Font shape `T1/LibreBskvl-LF/regular/n' will be
(Font)              scaled to size 14.4pt on input line 28.
LaTeX Font Info:    Font shape `T1/LibreBskvl-LF/b/n' aliased to
(Font)              `T1/LibreBskvl-LF/bold/n' on input line 28.
LaTeX Font Info:    Font shape `T1/LibreBskvl-LF/bold/n' will be
(Font)              scaled to size 14.4pt on input line 28.
[7

]
LaTeX Font Info:    Font shape `T1/LibreBskvl-LF/m/n' aliased to
(Font)              `T1/LibreBskvl-LF/regular/n' on input line 62.
LaTeX Font Info:    Font shape `T1/LibreBskvl-LF/regular/n' will be
(Font)              scaled to size 8.0pt on input line 62.
LaTeX Font Info:    Font shape `T1/LibreBskvl-LF/m/n' aliased to
(Font)              `T1/LibreBskvl-LF/regular/n' on input line 62.
LaTeX Font Info:    Font shape `T1/LibreBskvl-LF/regular/n' will be
(Font)              scaled to size 6.0pt on input line 62.
 [8] [9] [10

] [11] [12]
Chapter 2.
[13

] (./report.aux) ) 
Here is how much of TeX's memory you used:
 2617 strings out of 478126
 40813 string characters out of 5842787
 1857793 words of memory out of 6000000
 22652 multiletter control sequences out of 15000+600000
 769499 words of font info for 81 fonts, out of 8000000 for 9000
 14 hyphenation exceptions out of 8191
 55i,6n,62p,495b,210s stack positions out of 10000i,1000n,20000p,200000b,200000s
{/usr/share/texlive/texmf-dist/fonts/enc/dvips/librebaskerville/lbskvl_uf5aa7.enc}</usr/share/texlive/texmf-dist/fonts/type1/impallari/librebaskerville/LibreBskvl-Bold.pfb></usr/share/texlive/texmf-dist/fonts/type1/impallari/librebaskerville/LibreBskvl-Italic.pfb></usr/share/texlive/texmf-dist/fonts/type1/impallari/librebaskerville/LibreBskvl-Regular.pfb></usr/share/texlive/texmf-dist/fonts/type1/public/amsfonts/cm/cmmi10.pfb></usr/share/texlive/texmf-dist/fonts/type1/public/amsfonts/cm/cmmi8.pfb></usr/share/texlive/texmf-dist/fonts/type1/public/amsfonts/cm/cmr10.pfb></usr/share/texlive/texmf-dist/fonts/type1/public/amsfonts/cm/cmsy10.pfb></usr/share/texlive/texmf-dist/fonts/type1/public/amsfonts/cm/cmsy8.pfb>
Output written on report.pdf (13 pages, 112344 bytes).
PDF statistics:
 88 PDF objects out of 1000 (max. 8388607)
 56 compressed objects within 1 object stream
 0 named destinations out of 1000 (max. 500000)
 1 words of extra memory for PDF output out of 10000 (max. 10000000)

